

                             _   _
                            (_) | |
      __ _   _ __   __   __  _  | |
     / _` | | '_ \  \ \ / / | | | |
    | (_| | | | | |  \ V /  | | | |
     \__,_| |_| |_|   \_/   |_| |_|

    1.5.1-stable (b0a9dd9ced 2025-12-22T11:39:01.425730780Z)
    https://github.com/foundry-rs/foundry

Available Accounts
==================

(0) 0xf39Fd6e51aad88F6F4ce6aB8827279cffFb92266 (10000.000000000000000000 ETH)
(1) 0x70997970C51812dc3A010C7d01b50e0d17dc79C8 (10000.000000000000000000 ETH)
(2) 0x3C44CdDdB6a900fa2b585dd299e03d12FA4293BC (10000.000000000000000000 ETH)
(3) 0x90F79bf6EB2c4f870365E785982E1f101E93b906 (10000.000000000000000000 ETH)
(4) 0x15d34AAf54267DB7D7c367839AAf71A00a2C6A65 (10000.000000000000000000 ETH)
(5) 0x9965507D1a55bcC2695C58ba16FB37d819B0A4dc (10000.000000000000000000 ETH)
(6) 0x976EA74026E726554dB657fA54763abd0C3a0aa9 (10000.000000000000000000 ETH)
(7) 0x14dC79964da2C08b23698B3D3cc7Ca32193d9955 (10000.000000000000000000 ETH)
(8) 0x23618e81E3f5cdF7f54C3d65f7FBc0aBf5B21E8f (10000.000000000000000000 ETH)
(9) 0xa0Ee7A142d267C1f36714E4a8F75612F20a79720 (10000.000000000000000000 ETH)

Private Keys
==================

(0) 0xac0974bec39a17e36ba4a6b4d238ff944bacb478cbed5efcae784d7bf4f2ff80
(1) 0x59c6995e998f97a5a0044966f0945389dc9e86dae88c7a8412f4603b6b78690d
(2) 0x5de4111afa1a4b94908f83103eb1f1706367c2e68ca870fc3fb9a804cdab365a
(3) 0x7c852118294e51e653712a81e05800f419141751be58f605c371e15141b007a6
(4) 0x47e179ec197488593b187f80a00eb0da91f1b9d0b13f8733639f19c30a34926a
(5) 0x8b3a350cf5c34c9194ca85829a2df0ec3153be0318b5e2d3348e872092edffba
(6) 0x92db14e403b83dfe3df233f83dfa3a0d7096f21ca9b0d6d6b8d88b2b4ec1564e
(7) 0x4bbbf85ce3377467afe5d46f804f221813b2bb87f24d81f60f1fcdbf7cbf4356
(8) 0xdbda1821b80551c9d65939329250298aa3472ba22feea921c0cf5d620ea67b97
(9) 0x2a871d0798f97d79848a013d4936a73bf4cc922c825d33c1cf7073dff6d409c6

Wallet
==================
Mnemonic:          test test test test test test test test test test test junk
Derivation path:   m/44'/60'/0'/0/


Chain ID
==================

31337

Base Fee
==================

1000000000

Gas Limit
==================

30000000

Genesis Timestamp
==================

1771855385

Genesis Number
==================

0

Listening on 127.0.0.1:8545
eth_getTransactionCount
eth_getTransactionCount
eth_getTransactionCount
eth_getCode
eth_gasPrice
eth_getBlockByNumber
eth_chainId
eth_chainId
eth_gasPrice
eth_getBlockByNumber
eth_getTransactionCount
eth_getBalance
eth_getCode
eth_getAccountInfo
eth_getAccount
eth_getCode
eth_getTransactionCount
eth_getCode
eth_getBalance
eth_getTransactionCount
eth_getCode
eth_getBalance
eth_getBalance
eth_getCode
eth_getTransactionCount
eth_getBalance
eth_getCode
eth_getTransactionCount
eth_getTransactionCount
eth_getCode
eth_getBalance
eth_getTransactionCount
eth_getCode
eth_getBalance
eth_getCode
eth_getTransactionCount
eth_getBalance
eth_getTransactionCount
eth_getCode
eth_getBalance
eth_getTransactionCount
eth_getCode
eth_getBalance
eth_getTransactionCount
eth_getCode
eth_getBalance
eth_getTransactionCount
eth_getBalance
eth_getCode
eth_getTransactionCount
eth_getCode
eth_getBalance
eth_getBalance
eth_getCode
eth_getTransactionCount
eth_getCode
eth_getTransactionCount
eth_getBalance
eth_getTransactionCount
eth_getCode
eth_getBalance
eth_getBalance
eth_getCode
eth_getTransactionCount
eth_getTransactionCount
eth_getBalance
eth_getCode
eth_getCode
eth_getBalance
eth_getTransactionCount
eth_chainId
eth_chainId
eth_getTransactionCount
eth_getCode
eth_getBlockByNumber
eth_chainId
eth_gasPrice
eth_gasPrice
eth_chainId
eth_getBlockByNumber
eth_getBalance
eth_getTransactionCount
eth_getCode
eth_getAccountInfo
eth_getAccount
eth_getCode
eth_getTransactionCount
eth_getCode
eth_getBalance
eth_getTransactionCount
eth_getCode
eth_getBalance
eth_getTransactionCount
eth_getCode
eth_getBalance
eth_getTransactionCount
eth_getBalance
eth_getCode
eth_getBalance
eth_getCode
eth_getTransactionCount
eth_getTransactionCount
eth_getCode
eth_getBalance
eth_getTransactionCount
eth_getCode
eth_getBalance
eth_getCode
eth_getBalance
eth_getTransactionCount
eth_getTransactionCount
eth_getCode
eth_getBalance
eth_getCode
eth_getBalance
eth_getTransactionCount
eth_getCode
eth_getBalance
eth_getTransactionCount
eth_getCode
eth_getBalance
eth_getTransactionCount
eth_getTransactionCount
eth_getBalance
eth_getCode
eth_getTransactionCount
eth_getCode
eth_getBalance
eth_getBalance
eth_getCode
eth_getTransactionCount
eth_getBalance
eth_getTransactionCount
eth_getCode
eth_getTransactionCount
eth_getCode
eth_getBalance
eth_getTransactionCount
eth_getBalance
eth_getCode
eth_getCode
eth_getBalance
eth_getTransactionCount
eth_chainId
eth_chainId
eth_gasPrice
eth_getBlockByNumber
eth_chainId
eth_chainId
eth_feeHistory
eth_feeHistory
eth_sendRawTransaction

    Transaction: 0x0f4e36700f2c3c6a51c668f8283d7eeba7a912fde16ea7f4ada19dc7f1346cec
    Contract created: 0x5FbDB2315678afecb367f032d93F642f64180aa3
    Gas used: 639402

    Block Number: 1
    Block Hash: 0xca370dda5f0055fb237a4f3655996abbf411309dc1b08c0519f7b539cb3c236f
    Block Time: "Mon, 23 Feb 2026 14:18:35 +0000"

eth_sendRawTransaction
eth_sendRawTransaction
eth_sendRawTransaction
eth_sendRawTransaction
eth_sendRawTransaction
eth_sendRawTransaction
eth_sendRawTransaction
eth_sendRawTransaction
eth_sendRawTransaction
eth_sendRawTransaction
eth_sendRawTransaction
eth_sendRawTransaction
eth_sendRawTransaction
eth_sendRawTransaction
eth_sendRawTransaction
eth_sendRawTransaction
eth_sendRawTransaction
eth_sendRawTransaction

    Transaction: 0x111e1372421b696c3acb1c7b510f222fa0a756d79db40fdae2fc94ae406667f6
    Contract created: 0xe7f1725E7734CE288F8367e1Bb143E90bb3F0512
    Gas used: 639438

    Block Number: 2
    Block Hash: 0x0f9cea5ff7b6c2625102ab352a4b9c7d5caaa79908fe8957dce74ff2b85c21cf
    Block Time: "Mon, 23 Feb 2026 14:18:35 +0000"


    Transaction: 0xea7e6c8ce25eead0f56bbf0eb1f906b664c27691882766b4a92f2f580cddd9dc
    Contract created: 0x9fE46736679d2D9a65F0992F2272dE9f3c7fa6e0
    Gas used: 2360666

    Transaction: 0x384bbd78cc639d0d750739318fbbf3846a7bbb35ee051a1aa9b7ee6bf79ebbd0
    Contract created: 0xCf7Ed3AccA5a467e9e704C703E8D87F634fB0Fc9
    Gas used: 4484682

    Block Number: 3
    Block Hash: 0xf1e9833d19f2f32cde8bf96f74fa9f888d01b1b4a158c11c7f50d833bae4d080
    Block Time: "Mon, 23 Feb 2026 14:18:35 +0000"


    Block Number: 4
    Block Hash: 0x481ee5f5f7b649b9e16efc8485ef754fed31e284183bc4cb655bdaab820a095a
    Block Time: "Mon, 23 Feb 2026 14:18:35 +0000"


    Transaction: 0x50d230e8076996f84090a99ee63fa70927fc29e69009c5efd97c408190e9c28f
    Contract created: 0xDc64a140Aa3E981100a9becA4E685f962f0cF6C9
    Gas used: 1090062

    Transaction: 0xc1e7dded39b675279088f0f1c934c3c1f963edd90c399462c7c052d73d56bddb
    Contract created: 0x5FC8d32690cc91D4c39d9d3abcBD16989F875707
    Gas used: 3411869

    Transaction: 0x64db8f64d304619006d243de111f86ca5683fe48837b05eb565eadacf784503e
    Contract created: 0x0165878A594ca255338adfa4d48449f69242Eb8F
    Gas used: 4770146

    Block Number: 5
    Block Hash: 0x4c6f80cc00e5a2af23e2048c3164a75931310eba2c567cd23cb3eb8226577ebc
    Block Time: "Mon, 23 Feb 2026 14:18:35 +0000"


    Transaction: 0x9a317120de0f8e0ab7473f00f67cfaaa2d073423face34fe2bd2752f485ce6d7
    Contract created: 0xa513E6E4b8f2a923D98304ec87F64353C4D5C853
    Gas used: 2610990

    Block Number: 6
    Block Hash: 0xeaf88ed14eebc9c431759b90df8a9f6cd86b095e4dae5a0c95863f5e4b51d1e5
    Block Time: "Mon, 23 Feb 2026 14:18:35 +0000"


    Transaction: 0x6b2b157319c3556690fb0ce825ece10f1408d70f19ae2551aee44e213e384e04
    Contract created: 0x2279B7A0a67DB372996a5FaB50D91eAA73d2eBe6
    Gas used: 1979938

    Transaction: 0xbe6d55a65cd0125d2ca3b35670f82a6a4303f39cbd02bcce74f75ba2b9563462
    Contract created: 0x8A791620dd6260079BF849Dc5567aDC3F2FdC318
    Gas used: 3338514

    Transaction: 0x30fe031f08bfa62ab772750bf1c7c62855446522eeefa3115ad821e88177cb64
    Contract created: 0x610178dA211FEF7D417bC0e6FeD39F05609AD788
    Gas used: 4734207

    Transaction: 0x4aff0e2ebb034e9607a8fc26cd7ca7e50ca5a2596edf568f13b73e4055f2197a
    Contract created: 0xB7f8BC63BbcaD18155201308C8f3540b07f84F5e
    Gas used: 8137369

    Transaction: 0x48b5d0803cb76f5de296cd7bdc637dced2d3f37c65d0557acc8e5ce163fb7d41
    Contract created: 0xA51c1fc2f0D1a1b8494Ed1FE312d7C3a78Ed91C0
    Gas used: 9532349

    Transaction: 0xee17acb2ea0d89534741b877272a9f694d16f79d3aa3a4359bd96576ec9f223d
    Contract created: 0x0DCd1Bf9A1b36cE34237eEaFef220932846BCD82
    Gas used: 14130575

    Transaction: 0x3b1af774d130165cdc879d8d0ad3b18fe3ac67c085ebbc54cc288b1137433c93
    Gas used: 14155311

    Transaction: 0xd8b0f9de6d51d7d433e6b005d950d8db8a759382411244fce51042dc0036e0bc
    Gas used: 14381211

    Transaction: 0x4bf224d6e73afab3d1dc0588bb763dc6121cbae41b0d0d42b90c35ee4d8af0ae
    Gas used: 14607099

    Transaction: 0x057e748fc22da99d349cb1fd724c35f59651cd949c72e90a5ad894a09e699661
    Gas used: 14795958

    Transaction: 0x0477c7db57c220aa58e77dcb89345b94ece11e2f94fd997e641380f53c26ed65
    Gas used: 14984817

    Block Number: 7
    Block Hash: 0x962a00f241cfddbe99ef6445c1e14a251da262c37b61542a58f2f9c1d8444d4d
    Block Time: "Mon, 23 Feb 2026 14:18:35 +0000"

eth_getTransactionReceipt
eth_getTransactionReceipt
eth_getTransactionReceipt
eth_getTransactionReceipt
eth_getTransactionReceipt
eth_getTransactionReceipt
eth_getTransactionReceipt
eth_getTransactionReceipt
eth_getTransactionReceipt
eth_getTransactionReceipt
eth_getTransactionReceipt
eth_getTransactionReceipt
eth_getTransactionReceipt
eth_getTransactionReceipt
eth_getTransactionReceipt
eth_getTransactionReceipt
eth_getTransactionReceipt
eth_getTransactionReceipt
eth_getTransactionReceipt
eth_getTransactionReceipt
eth_getTransactionReceipt
eth_getTransactionReceipt
eth_getTransactionReceipt
eth_getTransactionReceipt
eth_getTransactionReceipt
eth_getTransactionReceipt
eth_getTransactionReceipt
eth_getTransactionReceipt
eth_getTransactionReceipt
eth_getTransactionReceipt
eth_getTransactionReceipt
eth_getTransactionReceipt
eth_getTransactionReceipt
eth_getTransactionReceipt
eth_getTransactionReceipt
eth_getTransactionReceipt
eth_getTransactionReceipt
eth_getTransactionReceipt
