WARNING: You are currently using Node.js v22.22.0, which is not supported by Hardhat. This can lead to unexpected behavior. See https://hardhat.org/nodejs-versions


Warning: Unused local variable.
   --> contracts/libraries/L2GasOptimized.sol:190:9:
    |
190 |         uint256 startGas = gasleft();
    |         ^^^^^^^^^^^^^^^^


Warning: Unused local variable.
   --> contracts/libraries/L2GasOptimized.sol:361:9:
    |
361 |         uint256 blockNumber = block.number;
    |         ^^^^^^^^^^^^^^^^^^^


Warning: Unused function parameter. Remove or comment out the variable name to silence this warning.
   --> contracts/core/AMMPool.sol:305:50:
    |
305 |     function getTWAFundingRate(uint256 marketId, uint256 period)
    |                                                  ^^^^^^^^^^^^^^


Warning: Unused function parameter. Remove or comment out the variable name to silence this warning.
    --> contracts/core/PerpEngine.sol:1212:9:
     |
1212 |         uint256 margin
     |         ^^^^^^^^^^^^^^


Warning: Unused function parameter. Remove or comment out the variable name to silence this warning.
    --> contracts/core/PerpEngine.sol:1288:35:
     |
1288 |     function getPositionsByMarket(uint256 marketId, uint256 cursor, uint256 limit) ex ...
     |                                   ^^^^^^^^^^^^^^^^


Warning: Unused function parameter. Remove or comment out the variable name to silence this warning.
    --> contracts/core/PerpEngine.sol:1288:69:
     |
1288 |  ... (uint256 marketId, uint256 cursor, uint256 limit) external view override returns (P ...
     |                                         ^^^^^^^^^^^^^


Warning: Unused function parameter. Remove or comment out the variable name to silence this warning.
   --> contracts/core/RiskManager.sol:154:9:
    |
154 |         uint256 positionId,
    |         ^^^^^^^^^^^^^^^^^^


Warning: Unused function parameter. Remove or comment out the variable name to silence this warning.
   --> contracts/core/RiskManager.sol:156:9:
    |
156 |         uint256 currentPrice
    |         ^^^^^^^^^^^^^^^^^^^^


Warning: Unused function parameter. Remove or comment out the variable name to silence this warning.
   --> contracts/core/RiskManager.sol:230:9:
    |
230 |         uint256 marketId,
    |         ^^^^^^^^^^^^^^^^


Warning: Unused function parameter. Remove or comment out the variable name to silence this warning.
   --> contracts/core/RiskManager.sol:232:9:
    |
232 |         uint256 margin,
    |         ^^^^^^^^^^^^^^


Warning: Unused function parameter. Remove or comment out the variable name to silence this warning.
   --> contracts/core/RiskManager.sol:234:9:
    |
234 |         int256 fundingPayment
    |         ^^^^^^^^^^^^^^^^^^^^^


Warning: Unused local variable.
   --> contracts/core/RiskManager.sol:238:9:
    |
238 |         uint256 maintenanceMargin = size.mulDiv(_globalParams.minMarginRatio, PRECISION);
    |         ^^^^^^^^^^^^^^^^^^^^^^^^^


Warning: Unused function parameter. Remove or comment out the variable name to silence this warning.
   --> contracts/core/RiskManager.sol:261:9:
    |
261 |         uint256 timeElapsed
    |         ^^^^^^^^^^^^^^^^^^^


Warning: Unused function parameter. Remove or comment out the variable name to silence this warning.
   --> contracts/core/RiskManager.sol:392:9:
    |
392 |         uint256 marketId,
    |         ^^^^^^^^^^^^^^^^


Warning: Unused function parameter. Remove or comment out the variable name to silence this warning.
   --> contracts/core/RiskManager.sol:394:9:
    |
394 |         address trader
    |         ^^^^^^^^^^^^^^


Warning: Unused function parameter. Remove or comment out the variable name to silence this warning.
   --> contracts/core/RiskManager.sol:416:37:
    |
416 |     function _getConcentrationLimit(uint256 marketId) internal view returns (uint256 limit) {
    |                                     ^^^^^^^^^^^^^^^^


Warning: Unused function parameter. Remove or comment out the variable name to silence this warning.
   --> contracts/governance/TimelockController.sol:214:35:
    |
214 |     function _isCriticalOperation(address target, bytes calldata data)
    |                                   ^^^^^^^^^^^^^^


Warning: Unused function parameter. Remove or comment out the variable name to silence this warning.
   --> contracts/governance/TimelockController.sol:214:51:
    |
214 |     function _isCriticalOperation(address target, bytes calldata data)
    |                                                   ^^^^^^^^^^^^^^^^^^^


Warning: Unused function parameter. Remove or comment out the variable name to silence this warning.
   --> contracts/integration/AaveFlashLoanIntegrator.sol:384:30:
    |
384 |     function _getOraclePrice(uint256 positionId) internal view returns (uint256) {
    |                              ^^^^^^^^^^^^^^^^^^


Warning: Unused function parameter. Remove or comment out the variable name to silence this warning.
   --> contracts/integration/AccountAbstractionAdapter.sol:380:9:
    |
380 |         bytes32 requestId
    |         ^^^^^^^^^^^^^^^^^


Warning: Unused function parameter. Remove or comment out the variable name to silence this warning.
   --> contracts/integration/AccountAbstractionAdapter.sol:413:31:
    |
413 |     function _executeCallData(address sender, bytes memory callData)
    |                               ^^^^^^^^^^^^^^


Warning: Unused function parameter. Remove or comment out the variable name to silence this warning.
   --> contracts/integration/AccountAbstractionAdapter.sol:440:9:
    |
440 |         bytes32 requestId,
    |         ^^^^^^^^^^^^^^^^^


Warning: Unused function parameter. Remove or comment out the variable name to silence this warning.
   --> contracts/integration/AccountAbstractionAdapter.sol:441:9:
    |
441 |         uint256 maxCost,
    |         ^^^^^^^^^^^^^^^


Warning: Unused function parameter. Remove or comment out the variable name to silence this warning.
   --> contracts/integration/AccountAbstractionAdapter.sol:442:9:
    |
442 |         bool success
    |         ^^^^^^^^^^^^


Warning: Unused function parameter. Remove or comment out the variable name to silence this warning.
   --> contracts/integration/CrossChainMessenger.sol:245:9:
    |
245 |         bytes calldata srcAddress,
    |         ^^^^^^^^^^^^^^^^^^^^^^^^^


Warning: Unused function parameter. Remove or comment out the variable name to silence this warning.
   --> contracts/integration/CrossChainMessenger.sol:399:9:
    |
399 |         uint64 nonce
    |         ^^^^^^^^^^^^


Warning: Unused local variable.
   --> contracts/integration/CrossChainMessenger.sol:440:10:
    |
440 |         (address trader, uint256 positionId, uint256 size, int256 pnl) =
    |          ^^^^^^^^^^^^^^


Warning: Unused local variable.
   --> contracts/integration/CrossChainMessenger.sol:440:26:
    |
440 |         (address trader, uint256 positionId, uint256 size, int256 pnl) =
    |                          ^^^^^^^^^^^^^^^^^^


Warning: Unused local variable.
   --> contracts/integration/CrossChainMessenger.sol:440:46:
    |
440 |         (address trader, uint256 positionId, uint256 size, int256 pnl) =
    |                                              ^^^^^^^^^^^^


Warning: Unused local variable.
   --> contracts/integration/CrossChainMessenger.sol:440:60:
    |
440 |         (address trader, uint256 positionId, uint256 size, int256 pnl) =
    |                                                            ^^^^^^^^^^


Warning: Unused local variable.
   --> contracts/integration/CrossChainMessenger.sol:462:10:
    |
462 |         (uint256 proposalId, address target, bytes memory data) =
    |          ^^^^^^^^^^^^^^^^^^


Warning: Unused local variable.
   --> contracts/integration/CrossChainMessenger.sol:462:30:
    |
462 |         (uint256 proposalId, address target, bytes memory data) =
    |                              ^^^^^^^^^^^^^^


Warning: Unused local variable.
   --> contracts/integration/CrossChainMessenger.sol:462:46:
    |
462 |         (uint256 proposalId, address target, bytes memory data) =
    |                                              ^^^^^^^^^^^^^^^^^


Warning: Unused local variable.
   --> contracts/integration/CrossChainMessenger.sol:484:10:
    |
484 |         (bytes32 feedId, uint256 price, uint256 timestamp) =
    |          ^^^^^^^^^^^^^^


Warning: Unused local variable.
   --> contracts/integration/CrossChainMessenger.sol:484:26:
    |
484 |         (bytes32 feedId, uint256 price, uint256 timestamp) =
    |                          ^^^^^^^^^^^^^


Warning: Unused local variable.
   --> contracts/integration/CrossChainMessenger.sol:484:41:
    |
484 |         (bytes32 feedId, uint256 price, uint256 timestamp) =
    |                                         ^^^^^^^^^^^^^^^^^


Warning: Unused local variable.
   --> contracts/integration/CrossChainMessenger.sol:506:10:
    |
506 |         (string memory action, bytes memory data) =
    |          ^^^^^^^^^^^^^^^^^^^^


Warning: Unused local variable.
   --> contracts/integration/CrossChainMessenger.sol:506:32:
    |
506 |         (string memory action, bytes memory data) =
    |                                ^^^^^^^^^^^^^^^^^


Warning: Unused local variable.
   --> contracts/liquidation/FlashLiquidator.sol:301:9:
    |
301 |         bytes32 feedId = bytes32(marketId);
    |         ^^^^^^^^^^^^^^


Warning: Unused function parameter. Remove or comment out the variable name to silence this warning.
   --> contracts/liquidation/IncentiveDistributor.sol:227:32:
    |
227 |     function getPendingRewards(address liquidator) external view returns (uint256 pendingRewards) {
    |                                ^^^^^^^^^^^^^^^^^^


Warning: Unused function parameter. Remove or comment out the variable name to silence this warning.
   --> contracts/liquidation/IncentiveDistributor.sol:280:38:
    |
280 |     function _distributeToLiquidator(uint256 positionId, uint256 amount) internal {
    |                                      ^^^^^^^^^^^^^^^^^^


Warning: Unused local variable.
   --> contracts/liquidation/LiquidationEngine.sol:145:43:
    |
145 |         (uint256 reward, uint256 penalty, uint256 newHealthFactor) = _calculateLiquidation(
    |                                           ^^^^^^^^^^^^^^^^^^^^^^^


Warning: Unused function parameter. Remove or comment out the variable name to silence this warning.
   --> contracts/liquidation/LiquidationEngine.sol:286:9:
    |
286 |         uint256 liquidationPrice
    |         ^^^^^^^^^^^^^^^^^^^^^^^^


Warning: Unused local variable.
   --> contracts/liquidation/LiquidationEngine.sol:289:9:
    |
289 |         IPerpEngine.PositionView memory position = perpEngine.getPosition(positionId);
    |         ^^^^^^^^^^^^^^^^^^^^^^^^^^^^^^^^^^^^^^^^


Warning: Unused function parameter. Remove or comment out the variable name to silence this warning.
   --> contracts/liquidation/LiquidationEngine.sol:386:9:
    |
386 |         uint256 liquidationPrice,
    |         ^^^^^^^^^^^^^^^^^^^^^^^^


Warning: Unused function parameter. Remove or comment out the variable name to silence this warning.
   --> contracts/liquidation/LiquidationEngine.sol:387:9:
    |
387 |         uint256 penalty
    |         ^^^^^^^^^^^^^^^


Warning: Unused try/catch parameter. Remove or comment out the variable name to silence this warning.
  --> contracts/oracles/ChainlinkOracle.sol:96:13:
   |
96 |             uint256 startedAt,
   |             ^^^^^^^^^^^^^^^^^


Warning: Unused try/catch parameter. Remove or comment out the variable name to silence this warning.
   --> contracts/oracles/ChainlinkOracle.sol:153:13:
    |
153 |             uint256 startedAt,
    |             ^^^^^^^^^^^^^^^^^


Warning: Unused function parameter. Remove or comment out the variable name to silence this warning.
   --> contracts/oracles/OracleSanityChecker.sol:259:32:
    |
259 |     function _additionalChecks(bytes32 feedId, uint256 price)
    |                                ^^^^^^^^^^^^^^


Warning: Unused function parameter. Remove or comment out the variable name to silence this warning.
   --> contracts/oracles/OracleSanityChecker.sol:378:35:
    |
378 |     function checkPriceVolatility(bytes32 feedId, uint256 price) external view override returns (bool) {
    |                                   ^^^^^^^^^^^^^^


Warning: Unused function parameter. Remove or comment out the variable name to silence this warning.
   --> contracts/oracles/OracleSanityChecker.sol:378:51:
    |
378 |     function checkPriceVolatility(bytes32 feedId, uint256 price) external view override returns (bool) {
    |                                                   ^^^^^^^^^^^^^


Warning: Unused local variable.
   --> contracts/oracles/OracleAggregator.sol:177:9:
    |
177 |         bool[] memory valid = new bool[](sources.length);
    |         ^^^^^^^^^^^^^^^^^^^


Warning: Unused local variable.
   --> contracts/oracles/OracleAggregator.sol:305:9:
    |
305 |         address oracleAddress = _sources[feedId][_sources[feedId].length - 1].oracleAddress;
    |         ^^^^^^^^^^^^^^^^^^^^^


Warning: Unused function parameter. Remove or comment out the variable name to silence this warning.
   --> contracts/oracles/OracleAggregator.sol:321:38:
    |
321 |     function getTWAP(bytes32 feedId, uint256 period)
    |                                      ^^^^^^^^^^^^^^


Warning: Unused function parameter. Remove or comment out the variable name to silence this warning.
   --> contracts/security/CircuitBreaker.sol:156:47:
    |
156 |     function triggerBreaker(uint256 marketId, string calldata reason)
    |                                               ^^^^^^^^^^^^^^^^^^^^^^


Warning: Unused function parameter. Remove or comment out the variable name to silence this warning.
 --> contracts/test/MockAavePool.sol:9:9:
  |
9 |         uint256[] calldata modes,
  |         ^^^^^^^^^^^^^^^^^^^^^^^^


Warning: Unused function parameter. Remove or comment out the variable name to silence this warning.
  --> contracts/test/MockAavePool.sol:10:9:
   |
10 |         address onBehalfOf,
   |         ^^^^^^^^^^^^^^^^^^


Warning: Unused function parameter. Remove or comment out the variable name to silence this warning.
  --> contracts/test/MockAavePool.sol:12:9:
   |
12 |         uint16 referralCode
   |         ^^^^^^^^^^^^^^^^^^^


Warning: Unused function parameter. Remove or comment out the variable name to silence this warning.
  --> contracts/test/MockPerpEngine.sol:20:27:
   |
20 |     function openPosition(TradeParams calldata params) external override returns (uint256) { return 0; }
   |                           ^^^^^^^^^^^^^^^^^^^^^^^^^^^


Warning: Unused function parameter. Remove or comment out the variable name to silence this warning.
  --> contracts/test/MockPerpEngine.sol:45:35:
   |
45 |     function getPositionsByTrader(address trader, uint256 cursor, uint256 limit) ex ...
   |                                   ^^^^^^^^^^^^^^


Warning: Unused function parameter. Remove or comment out the variable name to silence this warning.
  --> contracts/test/MockPerpEngine.sol:45:51:
   |
45 |  ... tPositionsByTrader(address trader, uint256 cursor, uint256 limit) external view over ...
   |                                         ^^^^^^^^^^^^^^


Warning: Unused function parameter. Remove or comment out the variable name to silence this warning.
  --> contracts/test/MockPerpEngine.sol:45:67:
   |
45 |  ... er(address trader, uint256 cursor, uint256 limit) external view override returns (P ...
   |                                         ^^^^^^^^^^^^^


Warning: Unused function parameter. Remove or comment out the variable name to silence this warning.
  --> contracts/test/MockPerpEngine.sol:48:35:
   |
48 |     function getPositionsByMarket(uint256 marketId, uint256 cursor, uint256 limit) ex ...
   |                                   ^^^^^^^^^^^^^^^^


Warning: Unused function parameter. Remove or comment out the variable name to silence this warning.
  --> contracts/test/MockPerpEngine.sol:48:53:
   |
48 |  ... ositionsByMarket(uint256 marketId, uint256 cursor, uint256 limit) external view over ...
   |                                         ^^^^^^^^^^^^^^


Warning: Unused function parameter. Remove or comment out the variable name to silence this warning.
  --> contracts/test/MockPerpEngine.sol:48:69:
   |
48 |  ... (uint256 marketId, uint256 cursor, uint256 limit) external view override returns (P ...
   |                                         ^^^^^^^^^^^^^


Warning: Unused function parameter. Remove or comment out the variable name to silence this warning.
  --> contracts/test/MockPerpEngine.sol:55:29:
   |
55 |     function getMarketStats(uint256 marketId) external view override returns (PositionStats memory) {
   |                             ^^^^^^^^^^^^^^^^


Warning: Unused function parameter. Remove or comment out the variable name to silence this warning.
  --> contracts/test/MockPerpEngine.sol:65:51:
   |
65 |     function getUnrealizedPnl(uint256 positionId, uint256 currentPrice) external view override returns (int256) {
   |                                                   ^^^^^^^^^^^^^^^^^^^^


Warning: Unused function parameter. Remove or comment out the variable name to silence this warning.
  --> contracts/test/MockPerpEngine.sol:68:57:
   |
68 |     function isPositionLiquidatable(uint256 positionId, uint256 currentPrice) external view override returns (bool) {
   |                                                         ^^^^^^^^^^^^^^^^^^^^


Warning: Unused function parameter. Remove or comment out the variable name to silence this warning.
  --> contracts/test/MockPerpEngine.sol:71:33:
   |
71 |     function getAvailableMargin(uint256 positionId) external view override returns (uint256) {
   |                                 ^^^^^^^^^^^^^^^^^^


Warning: Unused function parameter. Remove or comment out the variable name to silence this warning.
  --> contracts/test/MockPerpEngine.sol:74:35:
   |
74 |     function getMaxAdditionalSize(uint256 positionId, uint256 additionalMargin) external view override returns (uint256) {
   |                                   ^^^^^^^^^^^^^^^^^^


Warning: Unused function parameter. Remove or comment out the variable name to silence this warning.
  --> contracts/test/MockPerpEngine.sol:74:55:
   |
74 |     function getMaxAdditionalSize(uint256 positionId, uint256 additionalMargin) external view override returns (uint256) {
   |                                                       ^^^^^^^^^^^^^^^^^^^^^^^^


Warning: Unused function parameter. Remove or comment out the variable name to silence this warning.
  --> contracts/test/MockPerpEngine.sol:91:66:
   |
91 |  ... le(uint256[] calldata positionIds, uint256[] calldata currentPrices) external view override returns (b ...
   |                                         ^^^^^^^^^^^^^^^^^^^^^^^^^^^^^^^^


Warning: Unused function parameter. Remove or comment out the variable name to silence this warning.
  --> contracts/test/MockPerpEngine.sol:99:33:
   |
99 |     function previewLiquidation(uint256 positionId, uint256 currentPrice) external vi ...
   |                                 ^^^^^^^^^^^^^^^^^^


Warning: Unused function parameter. Remove or comment out the variable name to silence this warning.
  --> contracts/test/MockPerpEngine.sol:99:53:
   |
99 |  ... iewLiquidation(uint256 positionId, uint256 currentPrice) external view override returns (u ...
   |                                         ^^^^^^^^^^^^^^^^^^^^


Warning: Function state mutability can be restricted to pure
    --> contracts/core/PerpEngine.sol:1288:5:
     |
1288 |     function getPositionsByMarket(uint2 ... ory positions, uint256 newCursor) {
     |     ^ (Relevant source part starts here and spans across multiple lines).


Warning: Function state mutability can be restricted to pure
   --> contracts/core/PositionManager.sol:291:5:
    |
291 |     function _baseURI() internal view override returns (string memory) {
    |     ^ (Relevant source part starts here and spans across multiple lines).


Warning: Function state mutability can be restricted to view
   --> contracts/governance/Governor.sol:139:5:
    |
139 |     function emergencyCancel(uint256 proposalId) external {
    |     ^ (Relevant source part starts here and spans across multiple lines).


Warning: Function state mutability can be restricted to pure
   --> contracts/integration/AaveFlashLoanIntegrator.sol:384:5:
    |
384 |     function _getOraclePrice(uint256 positionId) internal view returns (uint256) {
    |     ^ (Relevant source part starts here and spans across multiple lines).


Warning: Function state mutability can be restricted to pure
   --> contracts/integration/AccountAbstractionAdapter.sol:413:5:
    |
413 |     function _executeCallData(address sender, bytes memory callData)
    |     ^ (Relevant source part starts here and spans across multiple lines).


Warning: Function state mutability can be restricted to pure
   --> contracts/liquidation/FlashLiquidator.sol:322:5:
    |
322 |     function getApprovedLiquidatorsCount() external view returns (uint256 count) {
    |     ^ (Relevant source part starts here and spans across multiple lines).


Warning: Function state mutability can be restricted to pure
   --> contracts/liquidation/IncentiveDistributor.sol:227:5:
    |
227 |     function getPendingRewards(address liquidator) external view returns (uint256 pendingRewards) {
    |     ^ (Relevant source part starts here and spans across multiple lines).


Warning: Function state mutability can be restricted to pure
   --> contracts/liquidation/IncentiveDistributor.sol:280:5:
    |
280 |     function _distributeToLiquidator(uint256 positionId, uint256 amount) internal {
    |     ^ (Relevant source part starts here and spans across multiple lines).


Warning: Function state mutability can be restricted to pure
   --> contracts/liquidation/IncentiveDistributor.sol:430:5:
    |
430 |     function _calculateReservedAmount() private view returns (uint256) {
    |     ^ (Relevant source part starts here and spans across multiple lines).


Warning: Function state mutability can be restricted to view
   --> contracts/liquidation/LiquidationEngine.sol:514:5:
    |
514 |     function setIncentiveMultiplier(uint256 newMultiplier) external onlyPerpEngine {
    |     ^ (Relevant source part starts here and spans across multiple lines).


Warning: Function state mutability can be restricted to pure
   --> contracts/oracles/OracleSanityChecker.sol:378:5:
    |
378 |     function checkPriceVolatility(bytes32 feedId, uint256 price) external view override returns (bool) {
    |     ^ (Relevant source part starts here and spans across multiple lines).


Warning: Function state mutability can be restricted to view
   --> contracts/security/CircuitBreaker.sol:376:5:
    |
376 |     function _updateVolume(uint256 marketId, uint256 newVolume)
    |     ^ (Relevant source part starts here and spans across multiple lines).


Warning: Function state mutability can be restricted to pure
  --> contracts/test/MockConfigRegistry.sol:18:5:
   |
18 |     function getConfigGuardian() external view override returns (address) { return address(0); }
   |     ^^^^^^^^^^^^^^^^^^^^^^^^^^^^^^^^^^^^^^^^^^^^^^^^^^^^^^^^^^^^^^^^^^^^^^^^^^^^^^^^^^^^^^^^^^^^


Warning: Function state mutability can be restricted to pure
  --> contracts/test/MockConfigRegistry.sol:19:5:
   |
19 |     function isMarketActive(uint256 /*marketId*/) external view override returns (bool) { return true; }
   |     ^^^^^^^^^^^^^^^^^^^^^^^^^^^^^^^^^^^^^^^^^^^^^^^^^^^^^^^^^^^^^^^^^^^^^^^^^^^^^^^^^^^^^^^^^^^^^^^^^^^^


Warning: Function state mutability can be restricted to pure
  --> contracts/test/MockConfigRegistry.sol:20:5:
   |
20 |     function validateMarketParameters(uint256 /*marketId*/, uint256 /*size*/, uint256 /*leverage*/) external view override returns (bool) { return true; }
   |     ^^^^^^^^^^^^^^^^^^^^^^^^^^^^^^^^^^^^^^^^^^^^^^^^^^^^^^^^^^^^^^^^^^^^^^^^^^^^^^^^^^^^^^^^^^^^^^^^^^^^^^^^^^^^^^^^^^^^^^^^^^^^^^^^^^^^^^^^^^^^^^^^^^^^^^


Warning: Function state mutability can be restricted to pure
  --> contracts/test/MockConfigRegistry.sol:22:5:
   |
22 |     function getMinMargin(uint256 /*marketId*/, uint256 /*size*/) external view override returns (uint256) { return 0; }
   |     ^^^^^^^^^^^^^^^^^^^^^^^^^^^^^^^^^^^^^^^^^^^^^^^^^^^^^^^^^^^^^^^^^^^^^^^^^^^^^^^^^^^^^^^^^^^^^^^^^^^^^^^^^^^^^^^^^^^^


Warning: Function state mutability can be restricted to pure
  --> contracts/test/MockPerpEngine.sol:20:5:
   |
20 |     function openPosition(TradeParams calldata params) external override returns (uint256) { return 0; }
   |     ^^^^^^^^^^^^^^^^^^^^^^^^^^^^^^^^^^^^^^^^^^^^^^^^^^^^^^^^^^^^^^^^^^^^^^^^^^^^^^^^^^^^^^^^^^^^^^^^^^^^


Warning: Function state mutability can be restricted to pure
  --> contracts/test/MockPerpEngine.sol:45:5:
   |
45 |     function getPositionsByTrader(addre ... ory positions, uint256 newCursor) {
   |     ^ (Relevant source part starts here and spans across multiple lines).


Warning: Function state mutability can be restricted to pure
  --> contracts/test/MockPerpEngine.sol:48:5:
   |
48 |     function getPositionsByMarket(uint2 ... ory positions, uint256 newCursor) {
   |     ^ (Relevant source part starts here and spans across multiple lines).


Warning: Function state mutability can be restricted to pure
  --> contracts/test/MockPerpEngine.sol:51:5:
   |
51 |     function getPositionStats() external view override returns (PositionStats memory) {
   |     ^ (Relevant source part starts here and spans across multiple lines).


Warning: Function state mutability can be restricted to pure
  --> contracts/test/MockPerpEngine.sol:55:5:
   |
55 |     function getMarketStats(uint256 marketId) external view override returns (PositionStats memory) {
   |     ^ (Relevant source part starts here and spans across multiple lines).


Warning: Function state mutability can be restricted to pure
  --> contracts/test/MockPerpEngine.sol:71:5:
   |
71 |     function getAvailableMargin(uint256 positionId) external view override returns (uint256) {
   |     ^ (Relevant source part starts here and spans across multiple lines).


Warning: Function state mutability can be restricted to pure
  --> contracts/test/MockPerpEngine.sol:74:5:
   |
74 |     function getMaxAdditionalSize(uint256 positionId, uint256 additionalMargin) external view override returns (uint256) {
   |     ^ (Relevant source part starts here and spans across multiple lines).


Warning: Function state mutability can be restricted to pure
  --> contracts/test/MockPerpEngine.sol:99:5:
   |
99 |     function previewLiquidation(uint256 ... penalty, uint256 newHealthFactor) {
   |     ^ (Relevant source part starts here and spans across multiple lines).


Compiled 133 Solidity files successfully (evm target: paris).
An unexpected error occurred:

TypeError: Cannot destructure property 'parseUnits' of 'ethers.utils' as it is undefined.
    at Object.<anonymous> (/app/test/fork/AaveIntegration.test.cjs:7:9)
    at Module._compile (node:internal/modules/cjs/loader:1706:14)
    at Object..js (node:internal/modules/cjs/loader:1839:10)
    at Module.load (node:internal/modules/cjs/loader:1441:32)
    at Function._load (node:internal/modules/cjs/loader:1263:12)
    at TracingChannel.traceSync (node:diagnostics_channel:328:14)
    at wrapModuleLoad (node:internal/modules/cjs/loader:237:24)
    at cjsLoader (node:internal/modules/esm/translators:309:5)
    at ModuleWrap.<anonymous> (node:internal/modules/esm/translators:202:7)
    at ModuleJob.run (node:internal/modules/esm/module_job:343:25)
